# JRE version: OpenJDK Runtime Environment (8.0_402-b08) (build 1.8.0_402-b08)
# Java VM: OpenJDK 64-Bit Server VM (25.402-b08 mixed mode windows-amd64 compressed oops)
Heap:
 PSYoungGen      total 46080K, used 26877K [0x00000000d6900000, 0x00000000db780000, 0x0000000100000000)
  eden space 32768K, 82% used [0x00000000d6900000,0x00000000d833f438,0x00000000d8900000)
  from space 13312K, 0% used [0x00000000daa80000,0x00000000daa80000,0x00000000db780000)
  to   space 5120K, 0% used [0x00000000d8900000,0x00000000d8900000,0x00000000d8e00000)
 ParOldGen       total 64512K, used 42078K [0x0000000083a00000, 0x0000000087900000, 0x00000000d6900000)
  object space 64512K, 65% used [0x0000000083a00000,0x0000000086317868,0x0000000087900000)
 Metaspace       used 28675K, capacity 30083K, committed 30208K, reserved 1075200K
  class space    used 3328K, capacity 3764K, committed 3840K, reserved 1048576K
GC Heap History (10 events):
Event: 3.680 GC heap before
{Heap before GC invocations=6 (full 1):
 PSYoungGen      total 37888K, used 32768K [0x00000000d6900000, 0x00000000d9300000, 0x0000000100000000)
  eden space 32768K, 100% used [0x00000000d6900000,0x00000000d8900000,0x00000000d8900000)
  from space 5120K, 0% used [0x00000000d8e00000,0x00000000d8e00000,0x00000000d9300000)
  to   space 5120K, 0% used [0x00000000d8900000,0x00000000d8900000,0x00000000d8e00000)
 ParOldGen       total 64512K, used 9700K [0x0000000083a00000, 0x0000000087900000, 0x00000000d6900000)
  object space 64512K, 15% used [0x0000000083a00000,0x00000000843793d8,0x0000000087900000)
 Metaspace       used 22674K, capacity 23451K, committed 23552K, reserved 1071104K
  class space    used 2559K, capacity 2790K, committed 2816K, reserved 1048576K
Event: 3.689 GC heap after
Heap after GC invocations=6 (full 1):
 PSYoungGen      total 37888K, used 5107K [0x00000000d6900000, 0x00000000db780000, 0x0000000100000000)
  eden space 32768K, 0% used [0x00000000d6900000,0x00000000d6900000,0x00000000d8900000)
  from space 5120K, 99% used [0x00000000d8900000,0x00000000d8dfccd0,0x00000000d8e00000)
  to   space 13312K, 0% used [0x00000000daa80000,0x00000000daa80000,0x00000000db780000)
 ParOldGen       total 64512K, used 16941K [0x0000000083a00000, 0x0000000087900000, 0x00000000d6900000)
  object space 64512K, 26% used [0x0000000083a00000,0x0000000084a8b560,0x0000000087900000)
 Metaspace       used 22674K, capacity 23451K, committed 23552K, reserved 1071104K
  class space    used 2559K, capacity 2790K, committed 2816K, reserved 1048576K
}
Event: 3.735 GC heap before
{Heap before GC invocations=7 (full 1):
 PSYoungGen      total 37888K, used 37875K [0x00000000d6900000, 0x00000000db780000, 0x0000000100000000)
  eden space 32768K, 100% used [0x00000000d6900000,0x00000000d8900000,0x00000000d8900000)
  from space 5120K, 99% used [0x00000000d8900000,0x00000000d8dfccd0,0x00000000d8e00000)
  to   space 13312K, 0% used [0x00000000daa80000,0x00000000daa80000,0x00000000db780000)
 ParOldGen       total 64512K, used 16941K [0x0000000083a00000, 0x0000000087900000, 0x00000000d6900000)
  object space 64512K, 26% used [0x0000000083a00000,0x0000000084a8b560,0x0000000087900000)
 Metaspace       used 23251K, capacity 24001K, committed 24192K, reserved 1071104K
  class space    used 2588K, capacity 2823K, committed 2944K, reserved 1048576K
Event: 3.747 GC heap after
Heap after GC invocations=7 (full 1):
 PSYoungGen      total 46080K, used 13286K [0x00000000d6900000, 0x00000000db780000, 0x0000000100000000)
  eden space 32768K, 0% used [0x00000000d6900000,0x00000000d6900000,0x00000000d8900000)
  from space 13312K, 99% used [0x00000000daa80000,0x00000000db779b08,0x00000000db780000)
  to   space 5120K, 0% used [0x00000000d8900000,0x00000000d8900000,0x00000000d8e00000)
 ParOldGen       total 64512K, used 29498K [0x0000000083a00000, 0x0000000087900000, 0x00000000d6900000)
  object space 64512K, 45% used [0x0000000083a00000,0x00000000856ce910,0x0000000087900000)
 Metaspace       used 23251K, capacity 24001K, committed 24192K, reserved 1071104K
  class space    used 2588K, capacity 2823K, committed 2944K, reserved 1048576K
}
Event: 4.064 GC heap before
{Heap before GC invocations=8 (full 1):
 PSYoungGen      total 46080K, used 45586K [0x00000000d6900000, 0x00000000db780000, 0x0000000100000000)
  eden space 32768K, 98% used [0x00000000d6900000,0x00000000d888b078,0x00000000d8900000)
  from space 13312K, 99% used [0x00000000daa80000,0x00000000db779b08,0x00000000db780000)
  to   space 5120K, 0% used [0x00000000d8900000,0x00000000d8900000,0x00000000d8e00000)
 ParOldGen       total 64512K, used 29498K [0x0000000083a00000, 0x0000000087900000, 0x00000000d6900000)
  object space 64512K, 45% used [0x0000000083a00000,0x00000000856ce910,0x0000000087900000)
 Metaspace       used 25301K, capacity 26323K, committed 26496K, reserved 1073152K
  class space    used 2829K, capacity 3116K, committed 3200K, reserved 1048576K
Event: 4.076 GC heap after
Heap after GC invocations=8 (full 1):
 PSYoungGen      total 37888K, used 5102K [0x00000000d6900000, 0x00000000db780000, 0x0000000100000000)
  eden space 32768K, 0% used [0x00000000d6900000,0x00000000d6900000,0x00000000d8900000)
  from space 5120K, 99% used [0x00000000d8900000,0x00000000d8dfbbd0,0x00000000d8e00000)
  to   space 13312K, 0% used [0x00000000daa80000,0x00000000daa80000,0x00000000db780000)
 ParOldGen       total 64512K, used 40954K [0x0000000083a00000, 0x0000000087900000, 0x00000000d6900000)
  object space 64512K, 63% used [0x0000000083a00000,0x00000000861febf8,0x0000000087900000)
 Metaspace       used 25301K, capacity 26323K, committed 26496K, reserved 1073152K
  class space    used 2829K, capacity 3116K, committed 3200K, reserved 1048576K
}
Event: 4.110 GC heap before
{Heap before GC invocations=9 (full 1):
 PSYoungGen      total 37888K, used 37870K [0x00000000d6900000, 0x00000000db780000, 0x0000000100000000)
  eden space 32768K, 100% used [0x00000000d6900000,0x00000000d8900000,0x00000000d8900000)
  from space 5120K, 99% used [0x00000000d8900000,0x00000000d8dfbbd0,0x00000000d8e00000)
  to   space 13312K, 0% used [0x00000000daa80000,0x00000000daa80000,0x00000000db780000)
 ParOldGen       total 64512K, used 40954K [0x0000000083a00000, 0x0000000087900000, 0x00000000d6900000)
  object space 64512K, 63% used [0x0000000083a00000,0x00000000861febf8,0x0000000087900000)
 Metaspace       used 25305K, capacity 26329K, committed 26496K, reserved 1073152K
  class space    used 2830K, capacity 3117K, committed 3200K, reserved 1048576K
Event: 4.121 GC heap after
Heap after GC invocations=9 (full 1):
 PSYoungGen      total 46080K, used 13293K [0x00000000d6900000, 0x00000000db780000, 0x0000000100000000)
  eden space 32768K, 0% used [0x00000000d6900000,0x00000000d6900000,0x00000000d8900000)
  from space 13312K, 99% used [0x00000000daa80000,0x00000000db77b5f0,0x00000000db780000)
  to   space 5120K, 0% used [0x00000000d8900000,0x00000000d8900000,0x00000000d8e00000)
 ParOldGen       total 64512K, used 53433K [0x0000000083a00000, 0x0000000087900000, 0x00000000d6900000)
  object space 64512K, 82% used [0x0000000083a00000,0x0000000086e2e620,0x0000000087900000)
 Metaspace       used 25305K, capacity 26329K, committed 26496K, reserved 1073152K
  class space    used 2830K, capacity 3117K, committed 3200K, reserved 1048576K
}
Event: 4.121 GC heap before
{Heap before GC invocations=10 (full 2):
 PSYoungGen      total 46080K, used 13293K [0x00000000d6900000, 0x00000000db780000, 0x0000000100000000)
  eden space 32768K, 0% used [0x00000000d6900000,0x00000000d6900000,0x00000000d8900000)
  from space 13312K, 99% used [0x00000000daa80000,0x00000000db77b5f0,0x00000000db780000)
  to   space 5120K, 0% used [0x00000000d8900000,0x00000000d8900000,0x00000000d8e00000)
 ParOldGen       total 64512K, used 53433K [0x0000000083a00000, 0x0000000087900000, 0x00000000d6900000)
  object space 64512K, 82% used [0x0000000083a00000,0x0000000086e2e620,0x0000000087900000)
 Metaspace       used 25305K, capacity 26329K, committed 26496K, reserved 1073152K
  class space    used 2830K, capacity 3117K, committed 3200K, reserved 1048576K
Event: 4.183 GC heap after
Heap after GC invocations=10 (full 2):
 PSYoungGen      total 46080K, used 0K [0x00000000d6900000, 0x00000000db780000, 0x0000000100000000)
  eden space 32768K, 0% used [0x00000000d6900000,0x00000000d6900000,0x00000000d8900000)
  from space 13312K, 0% used [0x00000000daa80000,0x00000000daa80000,0x00000000db780000)
  to   space 5120K, 0% used [0x00000000d8900000,0x00000000d8900000,0x00000000d8e00000)
 ParOldGen       total 64512K, used 42078K [0x0000000083a00000, 0x0000000087900000, 0x00000000d6900000)
  object space 64512K, 65% used [0x0000000083a00000,0x0000000086317868,0x0000000087900000)
 Metaspace       used 25305K, capacity 26329K, committed 26496K, reserved 1073152K
  class space    used 2830K, capacity 3117K, committed 3200K, reserved 1048576K
}

