# JRE version: OpenJDK Runtime Environment (8.0_402-b08) (build 1.8.0_402-b08)
# Java VM: OpenJDK 64-Bit Server VM (25.402-b08 mixed mode windows-amd64 compressed oops)
Heap:
 PSYoungGen      total 144896K, used 58419K [0x00000000d6900000, 0x00000000e1a00000, 0x0000000100000000)
  eden space 110592K, 48% used [0x00000000d6900000,0x00000000d9d630f8,0x00000000dd500000)
  from space 34304K, 13% used [0x00000000df680000,0x00000000dfb29ba8,0x00000000e1800000)
  to   space 34304K, 0% used [0x00000000dd500000,0x00000000dd500000,0x00000000df680000)
 ParOldGen       total 138240K, used 77902K [0x0000000083a00000, 0x000000008c100000, 0x00000000d6900000)
  object space 138240K, 56% used [0x0000000083a00000,0x0000000088613980,0x000000008c100000)
 Metaspace       used 44030K, capacity 46749K, committed 47016K, reserved 1089536K
  class space    used 5423K, capacity 6187K, committed 6312K, reserved 1048576K
GC Heap History (10 events):
Event: 5.021 GC heap before
{Heap before GC invocations=14 (full 2):
 PSYoungGen      total 144896K, used 116636K [0x00000000d6900000, 0x00000000e1a00000, 0x0000000100000000)
  eden space 110592K, 100% used [0x00000000d6900000,0x00000000dd500000,0x00000000dd500000)
  from space 34304K, 17% used [0x00000000dd500000,0x00000000ddae73d0,0x00000000df680000)
  to   space 34304K, 0% used [0x00000000df680000,0x00000000df680000,0x00000000e1800000)
 ParOldGen       total 138240K, used 54732K [0x0000000083a00000, 0x000000008c100000, 0x00000000d6900000)
  object space 138240K, 39% used [0x0000000083a00000,0x0000000086f73100,0x000000008c100000)
 Metaspace       used 33956K, capacity 35919K, committed 36136K, reserved 1081344K
  class space    used 3991K, capacity 4586K, committed 4648K, reserved 1048576K
Event: 5.030 GC heap after
Heap after GC invocations=14 (full 2):
 PSYoungGen      total 144896K, used 4341K [0x00000000d6900000, 0x00000000e1a00000, 0x0000000100000000)
  eden space 110592K, 0% used [0x00000000d6900000,0x00000000d6900000,0x00000000dd500000)
  from space 34304K, 12% used [0x00000000df680000,0x00000000dfabd700,0x00000000e1800000)
  to   space 34304K, 0% used [0x00000000dd500000,0x00000000dd500000,0x00000000df680000)
 ParOldGen       total 138240K, used 60228K [0x0000000083a00000, 0x000000008c100000, 0x00000000d6900000)
  object space 138240K, 43% used [0x0000000083a00000,0x00000000874d1130,0x000000008c100000)
 Metaspace       used 33956K, capacity 35919K, committed 36136K, reserved 1081344K
  class space    used 3991K, capacity 4586K, committed 4648K, reserved 1048576K
}
Event: 5.360 GC heap before
{Heap before GC invocations=15 (full 2):
 PSYoungGen      total 144896K, used 114933K [0x00000000d6900000, 0x00000000e1a00000, 0x0000000100000000)
  eden space 110592K, 100% used [0x00000000d6900000,0x00000000dd500000,0x00000000dd500000)
  from space 34304K, 12% used [0x00000000df680000,0x00000000dfabd700,0x00000000e1800000)
  to   space 34304K, 0% used [0x00000000dd500000,0x00000000dd500000,0x00000000df680000)
 ParOldGen       total 138240K, used 60228K [0x0000000083a00000, 0x000000008c100000, 0x00000000d6900000)
  object space 138240K, 43% used [0x0000000083a00000,0x00000000874d1130,0x000000008c100000)
 Metaspace       used 35446K, capacity 37473K, committed 37544K, reserved 1081344K
  class space    used 4145K, capacity 4729K, committed 4776K, reserved 1048576K
Event: 5.368 GC heap after
Heap after GC invocations=15 (full 2):
 PSYoungGen      total 144896K, used 4524K [0x00000000d6900000, 0x00000000e1a00000, 0x0000000100000000)
  eden space 110592K, 0% used [0x00000000d6900000,0x00000000d6900000,0x00000000dd500000)
  from space 34304K, 13% used [0x00000000dd500000,0x00000000dd96b208,0x00000000df680000)
  to   space 34304K, 0% used [0x00000000df680000,0x00000000df680000,0x00000000e1800000)
 ParOldGen       total 138240K, used 64372K [0x0000000083a00000, 0x000000008c100000, 0x00000000d6900000)
  object space 138240K, 46% used [0x0000000083a00000,0x00000000878dd140,0x000000008c100000)
 Metaspace       used 35446K, capacity 37473K, committed 37544K, reserved 1081344K
  class space    used 4145K, capacity 4729K, committed 4776K, reserved 1048576K
}
Event: 5.528 GC heap before
{Heap before GC invocations=16 (full 2):
 PSYoungGen      total 144896K, used 115116K [0x00000000d6900000, 0x00000000e1a00000, 0x0000000100000000)
  eden space 110592K, 100% used [0x00000000d6900000,0x00000000dd500000,0x00000000dd500000)
  from space 34304K, 13% used [0x00000000dd500000,0x00000000dd96b208,0x00000000df680000)
  to   space 34304K, 0% used [0x00000000df680000,0x00000000df680000,0x00000000e1800000)
 ParOldGen       total 138240K, used 64372K [0x0000000083a00000, 0x000000008c100000, 0x00000000d6900000)
  object space 138240K, 46% used [0x0000000083a00000,0x00000000878dd140,0x000000008c100000)
 Metaspace       used 35912K, capacity 37985K, committed 38184K, reserved 1083392K
  class space    used 4213K, capacity 4793K, committed 4904K, reserved 1048576K
Event: 5.534 GC heap after
Heap after GC invocations=16 (full 2):
 PSYoungGen      total 144896K, used 2230K [0x00000000d6900000, 0x00000000e1a00000, 0x0000000100000000)
  eden space 110592K, 0% used [0x00000000d6900000,0x00000000d6900000,0x00000000dd500000)
  from space 34304K, 6% used [0x00000000df680000,0x00000000df8adb50,0x00000000e1800000)
  to   space 34304K, 0% used [0x00000000dd500000,0x00000000dd500000,0x00000000df680000)
 ParOldGen       total 138240K, used 67894K [0x0000000083a00000, 0x000000008c100000, 0x00000000d6900000)
  object space 138240K, 49% used [0x0000000083a00000,0x0000000087c4d960,0x000000008c100000)
 Metaspace       used 35912K, capacity 37985K, committed 38184K, reserved 1083392K
  class space    used 4213K, capacity 4793K, committed 4904K, reserved 1048576K
}
Event: 6.086 GC heap before
{Heap before GC invocations=17 (full 2):
 PSYoungGen      total 144896K, used 112822K [0x00000000d6900000, 0x00000000e1a00000, 0x0000000100000000)
  eden space 110592K, 100% used [0x00000000d6900000,0x00000000dd500000,0x00000000dd500000)
  from space 34304K, 6% used [0x00000000df680000,0x00000000df8adb50,0x00000000e1800000)
  to   space 34304K, 0% used [0x00000000dd500000,0x00000000dd500000,0x00000000df680000)
 ParOldGen       total 138240K, used 67894K [0x0000000083a00000, 0x000000008c100000, 0x00000000d6900000)
  object space 138240K, 49% used [0x0000000083a00000,0x0000000087c4d960,0x000000008c100000)
 Metaspace       used 37952K, capacity 40119K, committed 40488K, reserved 1085440K
  class space    used 4441K, capacity 5072K, committed 5160K, reserved 1048576K
Event: 6.097 GC heap after
Heap after GC invocations=17 (full 2):
 PSYoungGen      total 144896K, used 17796K [0x00000000d6900000, 0x00000000e1a00000, 0x0000000100000000)
  eden space 110592K, 0% used [0x00000000d6900000,0x00000000d6900000,0x00000000dd500000)
  from space 34304K, 51% used [0x00000000dd500000,0x00000000de661070,0x00000000df680000)
  to   space 34304K, 0% used [0x00000000df680000,0x00000000df680000,0x00000000e1800000)
 ParOldGen       total 138240K, used 69526K [0x0000000083a00000, 0x000000008c100000, 0x00000000d6900000)
  object space 138240K, 50% used [0x0000000083a00000,0x0000000087de5960,0x000000008c100000)
 Metaspace       used 37952K, capacity 40119K, committed 40488K, reserved 1085440K
  class space    used 4441K, capacity 5072K, committed 5160K, reserved 1048576K
}
Event: 6.806 GC heap before
{Heap before GC invocations=18 (full 2):
 PSYoungGen      total 144896K, used 128388K [0x00000000d6900000, 0x00000000e1a00000, 0x0000000100000000)
  eden space 110592K, 100% used [0x00000000d6900000,0x00000000dd500000,0x00000000dd500000)
  from space 34304K, 51% used [0x00000000dd500000,0x00000000de661070,0x00000000df680000)
  to   space 34304K, 0% used [0x00000000df680000,0x00000000df680000,0x00000000e1800000)
 ParOldGen       total 138240K, used 69526K [0x0000000083a00000, 0x000000008c100000, 0x00000000d6900000)
  object space 138240K, 50% used [0x0000000083a00000,0x0000000087de5960,0x000000008c100000)
 Metaspace       used 40999K, capacity 43533K, committed 43816K, reserved 1087488K
  class space    used 4867K, capacity 5622K, committed 5672K, reserved 1048576K
Event: 6.815 GC heap after
Heap after GC invocations=18 (full 2):
 PSYoungGen      total 144896K, used 4774K [0x00000000d6900000, 0x00000000e1a00000, 0x0000000100000000)
  eden space 110592K, 0% used [0x00000000d6900000,0x00000000d6900000,0x00000000dd500000)
  from space 34304K, 13% used [0x00000000df680000,0x00000000dfb29ba8,0x00000000e1800000)
  to   space 34304K, 0% used [0x00000000dd500000,0x00000000dd500000,0x00000000df680000)
 ParOldGen       total 138240K, used 77902K [0x0000000083a00000, 0x000000008c100000, 0x00000000d6900000)
  object space 138240K, 56% used [0x0000000083a00000,0x0000000088613980,0x000000008c100000)
 Metaspace       used 40999K, capacity 43533K, committed 43816K, reserved 1087488K
  class space    used 4867K, capacity 5622K, committed 5672K, reserved 1048576K
}

