# JRE version: OpenJDK Runtime Environment (8.0_402-b08) (build 1.8.0_402-b08)
# Java VM: OpenJDK 64-Bit Server VM (25.402-b08 mixed mode windows-amd64 compressed oops)
Heap:
 PSYoungGen      total 301056K, used 10191K [0x00000000d6900000, 0x00000000ef080000, 0x0000000100000000)
  eden space 260096K, 0% used [0x00000000d6900000,0x00000000d6900000,0x00000000e6700000)
  from space 40960K, 24% used [0x00000000ec880000,0x00000000ed273d68,0x00000000ef080000)
  to   space 28672K, 0% used [0x00000000e6700000,0x00000000e6700000,0x00000000e8300000)
 ParOldGen       total 130560K, used 124302K [0x0000000083a00000, 0x000000008b980000, 0x00000000d6900000)
  object space 130560K, 95% used [0x0000000083a00000,0x000000008b363b50,0x000000008b980000)
 Metaspace       used 54095K, capacity 59072K, committed 59160K, reserved 1099776K
  class space    used 7134K, capacity 8291K, committed 8320K, reserved 1048576K
GC Heap History (10 events):
Event: 5.713 GC heap after
Heap after GC invocations=16 (full 2):
 PSYoungGen      total 219136K, used 6250K [0x00000000d6900000, 0x00000000e5d80000, 0x0000000100000000)
  eden space 197120K, 0% used [0x00000000d6900000,0x00000000d6900000,0x00000000e2980000)
  from space 22016K, 28% used [0x00000000e4800000,0x00000000e4e1aa20,0x00000000e5d80000)
  to   space 26624K, 0% used [0x00000000e2980000,0x00000000e2980000,0x00000000e4380000)
 ParOldGen       total 130560K, used 56236K [0x0000000083a00000, 0x000000008b980000, 0x00000000d6900000)
  object space 130560K, 43% used [0x0000000083a00000,0x00000000870eb338,0x000000008b980000)
 Metaspace       used 36203K, capacity 38297K, committed 38400K, reserved 1083392K
  class space    used 4226K, capacity 4803K, committed 4864K, reserved 1048576K
}
Event: 7.740 GC heap before
{Heap before GC invocations=17 (full 2):
 PSYoungGen      total 219136K, used 203370K [0x00000000d6900000, 0x00000000e5d80000, 0x0000000100000000)
  eden space 197120K, 100% used [0x00000000d6900000,0x00000000e2980000,0x00000000e2980000)
  from space 22016K, 28% used [0x00000000e4800000,0x00000000e4e1aa20,0x00000000e5d80000)
  to   space 26624K, 0% used [0x00000000e2980000,0x00000000e2980000,0x00000000e4380000)
 ParOldGen       total 130560K, used 56236K [0x0000000083a00000, 0x000000008b980000, 0x00000000d6900000)
  object space 130560K, 43% used [0x0000000083a00000,0x00000000870eb338,0x000000008b980000)
 Metaspace       used 44248K, capacity 46987K, committed 47232K, reserved 1089536K
  class space    used 5457K, capacity 6236K, committed 6272K, reserved 1048576K
Event: 7.759 GC heap after
Heap after GC invocations=17 (full 2):
 PSYoungGen      total 223744K, used 14798K [0x00000000d6900000, 0x00000000e9d00000, 0x0000000100000000)
  eden space 197120K, 0% used [0x00000000d6900000,0x00000000d6900000,0x00000000e2980000)
  from space 26624K, 55% used [0x00000000e2980000,0x00000000e37f39f8,0x00000000e4380000)
  to   space 26624K, 0% used [0x00000000e8300000,0x00000000e8300000,0x00000000e9d00000)
 ParOldGen       total 130560K, used 61170K [0x0000000083a00000, 0x000000008b980000, 0x00000000d6900000)
  object space 130560K, 46% used [0x0000000083a00000,0x00000000875bca68,0x000000008b980000)
 Metaspace       used 44248K, capacity 46987K, committed 47232K, reserved 1089536K
  class space    used 5457K, capacity 6236K, committed 6272K, reserved 1048576K
}
Event: 8.796 GC heap before
{Heap before GC invocations=18 (full 2):
 PSYoungGen      total 223744K, used 211918K [0x00000000d6900000, 0x00000000e9d00000, 0x0000000100000000)
  eden space 197120K, 100% used [0x00000000d6900000,0x00000000e2980000,0x00000000e2980000)
  from space 26624K, 55% used [0x00000000e2980000,0x00000000e37f39f8,0x00000000e4380000)
  to   space 26624K, 0% used [0x00000000e8300000,0x00000000e8300000,0x00000000e9d00000)
 ParOldGen       total 130560K, used 61170K [0x0000000083a00000, 0x000000008b980000, 0x00000000d6900000)
  object space 130560K, 46% used [0x0000000083a00000,0x00000000875bca68,0x000000008b980000)
 Metaspace       used 46729K, capacity 49727K, committed 50048K, reserved 1093632K
  class space    used 5843K, capacity 6672K, committed 6784K, reserved 1048576K
Event: 8.839 GC heap after
Heap after GC invocations=18 (full 2):
 PSYoungGen      total 286720K, used 19314K [0x00000000d6900000, 0x00000000ea080000, 0x0000000100000000)
  eden space 260096K, 0% used [0x00000000d6900000,0x00000000d6900000,0x00000000e6700000)
  from space 26624K, 72% used [0x00000000e8300000,0x00000000e95dc9b8,0x00000000e9d00000)
  to   space 28672K, 0% used [0x00000000e6700000,0x00000000e6700000,0x00000000e8300000)
 ParOldGen       total 130560K, used 73951K [0x0000000083a00000, 0x000000008b980000, 0x00000000d6900000)
  object space 130560K, 56% used [0x0000000083a00000,0x0000000088237f00,0x000000008b980000)
 Metaspace       used 46729K, capacity 49727K, committed 50048K, reserved 1093632K
  class space    used 5843K, capacity 6672K, committed 6784K, reserved 1048576K
}
Event: 10.300 GC heap before
{Heap before GC invocations=19 (full 2):
 PSYoungGen      total 286720K, used 279410K [0x00000000d6900000, 0x00000000ea080000, 0x0000000100000000)
  eden space 260096K, 100% used [0x00000000d6900000,0x00000000e6700000,0x00000000e6700000)
  from space 26624K, 72% used [0x00000000e8300000,0x00000000e95dc9b8,0x00000000e9d00000)
  to   space 28672K, 0% used [0x00000000e6700000,0x00000000e6700000,0x00000000e8300000)
 ParOldGen       total 130560K, used 73951K [0x0000000083a00000, 0x000000008b980000, 0x00000000d6900000)
  object space 130560K, 56% used [0x0000000083a00000,0x0000000088237f00,0x000000008b980000)
 Metaspace       used 53358K, capacity 58322K, committed 58624K, reserved 1099776K
  class space    used 6986K, capacity 8114K, committed 8192K, reserved 1048576K
Event: 10.385 GC heap after
Heap after GC invocations=19 (full 2):
 PSYoungGen      total 288768K, used 28648K [0x00000000d6900000, 0x00000000ef080000, 0x0000000100000000)
  eden space 260096K, 0% used [0x00000000d6900000,0x00000000d6900000,0x00000000e6700000)
  from space 28672K, 99% used [0x00000000e6700000,0x00000000e82fa1b0,0x00000000e8300000)
  to   space 40960K, 0% used [0x00000000ec880000,0x00000000ec880000,0x00000000ef080000)
 ParOldGen       total 130560K, used 95746K [0x0000000083a00000, 0x000000008b980000, 0x00000000d6900000)
  object space 130560K, 73% used [0x0000000083a00000,0x00000000897809a0,0x000000008b980000)
 Metaspace       used 53358K, capacity 58322K, committed 58624K, reserved 1099776K
  class space    used 6986K, capacity 8114K, committed 8192K, reserved 1048576K
}
Event: 10.771 GC heap before
{Heap before GC invocations=20 (full 2):
 PSYoungGen      total 288768K, used 146907K [0x00000000d6900000, 0x00000000ef080000, 0x0000000100000000)
  eden space 260096K, 45% used [0x00000000d6900000,0x00000000ddc7cba8,0x00000000e6700000)
  from space 28672K, 99% used [0x00000000e6700000,0x00000000e82fa1b0,0x00000000e8300000)
  to   space 40960K, 0% used [0x00000000ec880000,0x00000000ec880000,0x00000000ef080000)
 ParOldGen       total 130560K, used 95746K [0x0000000083a00000, 0x000000008b980000, 0x00000000d6900000)
  object space 130560K, 73% used [0x0000000083a00000,0x00000000897809a0,0x000000008b980000)
 Metaspace       used 54095K, capacity 59072K, committed 59160K, reserved 1099776K
  class space    used 7134K, capacity 8291K, committed 8320K, reserved 1048576K
Event: 10.826 GC heap after
Heap after GC invocations=20 (full 2):
 PSYoungGen      total 301056K, used 10191K [0x00000000d6900000, 0x00000000ef080000, 0x0000000100000000)
  eden space 260096K, 0% used [0x00000000d6900000,0x00000000d6900000,0x00000000e6700000)
  from space 40960K, 24% used [0x00000000ec880000,0x00000000ed273d68,0x00000000ef080000)
  to   space 28672K, 0% used [0x00000000e6700000,0x00000000e6700000,0x00000000e8300000)
 ParOldGen       total 130560K, used 124302K [0x0000000083a00000, 0x000000008b980000, 0x00000000d6900000)
  object space 130560K, 95% used [0x0000000083a00000,0x000000008b363b50,0x000000008b980000)
 Metaspace       used 54095K, capacity 59072K, committed 59160K, reserved 1099776K
  class space    used 7134K, capacity 8291K, committed 8320K, reserved 1048576K
}
Event: 10.826 GC heap before
{Heap before GC invocations=21 (full 3):
 PSYoungGen      total 301056K, used 10191K [0x00000000d6900000, 0x00000000ef080000, 0x0000000100000000)
  eden space 260096K, 0% used [0x00000000d6900000,0x00000000d6900000,0x00000000e6700000)
  from space 40960K, 24% used [0x00000000ec880000,0x00000000ed273d68,0x00000000ef080000)
  to   space 28672K, 0% used [0x00000000e6700000,0x00000000e6700000,0x00000000e8300000)
 ParOldGen       total 130560K, used 124302K [0x0000000083a00000, 0x000000008b980000, 0x00000000d6900000)
  object space 130560K, 95% used [0x0000000083a00000,0x000000008b363b50,0x000000008b980000)
 Metaspace       used 54095K, capacity 59072K, committed 59160K, reserved 1099776K
  class space    used 7134K, capacity 8291K, committed 8320K, reserved 1048576K

