# JRE version: OpenJDK Runtime Environment (8.0_402-b08) (build 1.8.0_402-b08)
# Java VM: OpenJDK 64-Bit Server VM (25.402-b08 mixed mode windows-amd64 compressed oops)
Heap:
 PSYoungGen      total 669696K, used 25328K [0x00000000d6900000, 0x0000000100000000, 0x0000000100000000)
  eden space 660480K, 2% used [0x00000000d6900000,0x00000000d7af3a90,0x00000000fee00000)
  from space 9216K, 75% used [0x00000000ff700000,0x00000000ffdc8628,0x0000000100000000)
  to   space 9216K, 0% used [0x00000000fee00000,0x00000000fee00000,0x00000000ff700000)
 ParOldGen       total 230912K, used 222227K [0x0000000083a00000, 0x0000000091b80000, 0x00000000d6900000)
  object space 230912K, 96% used [0x0000000083a00000,0x0000000091304ca0,0x0000000091b80000)
 Metaspace       used 77589K, capacity 85234K, committed 85504K, reserved 1122304K
  class space    used 11155K, capacity 13215K, committed 13312K, reserved 1048576K
GC Heap History (10 events):
Event: 40.008 GC heap before
{Heap before GC invocations=93 (full 3):
 PSYoungGen      total 671232K, used 669886K [0x00000000d6900000, 0x0000000100000000, 0x0000000100000000)
  eden space 663552K, 100% used [0x00000000d6900000,0x00000000ff100000,0x00000000ff100000)
  from space 7680K, 82% used [0x00000000ff100000,0x00000000ff72fab0,0x00000000ff880000)
  to   space 7680K, 0% used [0x00000000ff880000,0x00000000ff880000,0x0000000100000000)
 ParOldGen       total 230912K, used 219393K [0x0000000083a00000, 0x0000000091b80000, 0x00000000d6900000)
  object space 230912K, 95% used [0x0000000083a00000,0x0000000091040570,0x0000000091b80000)
 Metaspace       used 76448K, capacity 83716K, committed 83968K, reserved 1120256K
  class space    used 10944K, capacity 12940K, committed 13056K, reserved 1048576K
Event: 40.015 GC heap after
Heap after GC invocations=93 (full 3):
 PSYoungGen      total 671232K, used 6430K [0x00000000d6900000, 0x0000000100000000, 0x0000000100000000)
  eden space 663552K, 0% used [0x00000000d6900000,0x00000000d6900000,0x00000000ff100000)
  from space 7680K, 83% used [0x00000000ff880000,0x00000000ffec7ab0,0x0000000100000000)
  to   space 7680K, 0% used [0x00000000ff100000,0x00000000ff100000,0x00000000ff880000)
 ParOldGen       total 230912K, used 219529K [0x0000000083a00000, 0x0000000091b80000, 0x00000000d6900000)
  object space 230912K, 95% used [0x0000000083a00000,0x0000000091062570,0x0000000091b80000)
 Metaspace       used 76448K, capacity 83716K, committed 83968K, reserved 1120256K
  class space    used 10944K, capacity 12940K, committed 13056K, reserved 1048576K
}
Event: 40.350 GC heap before
{Heap before GC invocations=94 (full 3):
 PSYoungGen      total 671232K, used 669982K [0x00000000d6900000, 0x0000000100000000, 0x0000000100000000)
  eden space 663552K, 100% used [0x00000000d6900000,0x00000000ff100000,0x00000000ff100000)
  from space 7680K, 83% used [0x00000000ff880000,0x00000000ffec7ab0,0x0000000100000000)
  to   space 7680K, 0% used [0x00000000ff100000,0x00000000ff100000,0x00000000ff880000)
 ParOldGen       total 230912K, used 219529K [0x0000000083a00000, 0x0000000091b80000, 0x00000000d6900000)
  object space 230912K, 95% used [0x0000000083a00000,0x0000000091062570,0x0000000091b80000)
 Metaspace       used 76813K, capacity 84246K, committed 84480K, reserved 1120256K
  class space    used 11019K, capacity 13039K, committed 13056K, reserved 1048576K
Event: 40.361 GC heap after
Heap after GC invocations=94 (full 3):
 PSYoungGen      total 670208K, used 6526K [0x00000000d6900000, 0x0000000100000000, 0x0000000100000000)
  eden space 663552K, 0% used [0x00000000d6900000,0x00000000d6900000,0x00000000ff100000)
  from space 6656K, 98% used [0x00000000ff100000,0x00000000ff75fad0,0x00000000ff780000)
  to   space 8192K, 0% used [0x00000000ff800000,0x00000000ff800000,0x0000000100000000)
 ParOldGen       total 230912K, used 219657K [0x0000000083a00000, 0x0000000091b80000, 0x00000000d6900000)
  object space 230912K, 95% used [0x0000000083a00000,0x0000000091082570,0x0000000091b80000)
 Metaspace       used 76813K, capacity 84246K, committed 84480K, reserved 1120256K
  class space    used 11019K, capacity 13039K, committed 13056K, reserved 1048576K
}
Event: 40.884 GC heap before
{Heap before GC invocations=95 (full 3):
 PSYoungGen      total 670208K, used 670078K [0x00000000d6900000, 0x0000000100000000, 0x0000000100000000)
  eden space 663552K, 100% used [0x00000000d6900000,0x00000000ff100000,0x00000000ff100000)
  from space 6656K, 98% used [0x00000000ff100000,0x00000000ff75fad0,0x00000000ff780000)
  to   space 8192K, 0% used [0x00000000ff800000,0x00000000ff800000,0x0000000100000000)
 ParOldGen       total 230912K, used 219657K [0x0000000083a00000, 0x0000000091b80000, 0x00000000d6900000)
  object space 230912K, 95% used [0x0000000083a00000,0x0000000091082570,0x0000000091b80000)
 Metaspace       used 77340K, capacity 84872K, committed 85120K, reserved 1122304K
  class space    used 11107K, capacity 13172K, committed 13184K, reserved 1048576K
Event: 40.902 GC heap after
Heap after GC invocations=95 (full 3):
 PSYoungGen      total 669696K, used 8174K [0x00000000d6900000, 0x0000000100000000, 0x0000000100000000)
  eden space 661504K, 0% used [0x00000000d6900000,0x00000000d6900000,0x00000000fef00000)
  from space 8192K, 99% used [0x00000000ff800000,0x00000000ffffbba0,0x0000000100000000)
  to   space 8704K, 0% used [0x00000000fef00000,0x00000000fef00000,0x00000000ff780000)
 ParOldGen       total 230912K, used 220443K [0x0000000083a00000, 0x0000000091b80000, 0x00000000d6900000)
  object space 230912K, 95% used [0x0000000083a00000,0x0000000091146ca0,0x0000000091b80000)
 Metaspace       used 77340K, capacity 84872K, committed 85120K, reserved 1122304K
  class space    used 11107K, capacity 13172K, committed 13184K, reserved 1048576K
}
Event: 41.404 GC heap before
{Heap before GC invocations=96 (full 3):
 PSYoungGen      total 669696K, used 669678K [0x00000000d6900000, 0x0000000100000000, 0x0000000100000000)
  eden space 661504K, 100% used [0x00000000d6900000,0x00000000fef00000,0x00000000fef00000)
  from space 8192K, 99% used [0x00000000ff800000,0x00000000ffffbba0,0x0000000100000000)
  to   space 8704K, 0% used [0x00000000fef00000,0x00000000fef00000,0x00000000ff780000)
 ParOldGen       total 230912K, used 220443K [0x0000000083a00000, 0x0000000091b80000, 0x00000000d6900000)
  object space 230912K, 95% used [0x0000000083a00000,0x0000000091146ca0,0x0000000091b80000)
 Metaspace       used 77562K, capacity 85216K, committed 85504K, reserved 1122304K
  class space    used 11154K, capacity 13214K, committed 13312K, reserved 1048576K
Event: 41.431 GC heap after
Heap after GC invocations=96 (full 3):
 PSYoungGen      total 668672K, used 7150K [0x00000000d6900000, 0x0000000100000000, 0x0000000100000000)
  eden space 661504K, 0% used [0x00000000d6900000,0x00000000d6900000,0x00000000fef00000)
  from space 7168K, 99% used [0x00000000fef00000,0x00000000ff5fbba0,0x00000000ff600000)
  to   space 9216K, 0% used [0x00000000ff700000,0x00000000ff700000,0x0000000100000000)
 ParOldGen       total 230912K, used 221867K [0x0000000083a00000, 0x0000000091b80000, 0x00000000d6900000)
  object space 230912K, 96% used [0x0000000083a00000,0x00000000912aaca0,0x0000000091b80000)
 Metaspace       used 77562K, capacity 85216K, committed 85504K, reserved 1122304K
  class space    used 11154K, capacity 13214K, committed 13312K, reserved 1048576K
}
Event: 41.767 GC heap before
{Heap before GC invocations=97 (full 3):
 PSYoungGen      total 668672K, used 668654K [0x00000000d6900000, 0x0000000100000000, 0x0000000100000000)
  eden space 661504K, 100% used [0x00000000d6900000,0x00000000fef00000,0x00000000fef00000)
  from space 7168K, 99% used [0x00000000fef00000,0x00000000ff5fbba0,0x00000000ff600000)
  to   space 9216K, 0% used [0x00000000ff700000,0x00000000ff700000,0x0000000100000000)
 ParOldGen       total 230912K, used 221867K [0x0000000083a00000, 0x0000000091b80000, 0x00000000d6900000)
  object space 230912K, 96% used [0x0000000083a00000,0x00000000912aaca0,0x0000000091b80000)
 Metaspace       used 77589K, capacity 85234K, committed 85504K, reserved 1122304K
  class space    used 11155K, capacity 13215K, committed 13312K, reserved 1048576K
Event: 41.780 GC heap after
Heap after GC invocations=97 (full 3):
 PSYoungGen      total 669696K, used 6945K [0x00000000d6900000, 0x0000000100000000, 0x0000000100000000)
  eden space 660480K, 0% used [0x00000000d6900000,0x00000000d6900000,0x00000000fee00000)
  from space 9216K, 75% used [0x00000000ff700000,0x00000000ffdc8628,0x0000000100000000)
  to   space 9216K, 0% used [0x00000000fee00000,0x00000000fee00000,0x00000000ff700000)
 ParOldGen       total 230912K, used 222227K [0x0000000083a00000, 0x0000000091b80000, 0x00000000d6900000)
  object space 230912K, 96% used [0x0000000083a00000,0x0000000091304ca0,0x0000000091b80000)
 Metaspace       used 77589K, capacity 85234K, committed 85504K, reserved 1122304K
  class space    used 11155K, capacity 13215K, committed 13312K, reserved 1048576K
}

