# JRE version: OpenJDK Runtime Environment (8.0_402-b08) (build 1.8.0_402-b08)
# Java VM: OpenJDK 64-Bit Server VM (25.402-b08 mixed mode windows-amd64 compressed oops)
Heap:
 PSYoungGen      total 666624K, used 544972K [0x00000000d6900000, 0x0000000100000000, 0x0000000100000000)
  eden space 655872K, 82% used [0x00000000d6900000,0x00000000f779b2b0,0x00000000fe980000)
  from space 10752K, 53% used [0x00000000fe980000,0x00000000fef18000,0x00000000ff400000)
  to   space 10752K, 0% used [0x00000000ff580000,0x00000000ff580000,0x0000000100000000)
 ParOldGen       total 344576K, used 268319K [0x0000000083a00000, 0x0000000098a80000, 0x00000000d6900000)
  object space 344576K, 77% used [0x0000000083a00000,0x0000000094007df8,0x0000000098a80000)
 Metaspace       used 79124K, capacity 87344K, committed 87464K, reserved 1124352K
  class space    used 11318K, capacity 13446K, committed 13480K, reserved 1048576K
GC Heap History (10 events):
Event: 54.413 GC heap before
{Heap before GC invocations=143 (full 4):
 PSYoungGen      total 663040K, used 655040K [0x00000000d6900000, 0x00000000ffe80000, 0x0000000100000000)
  eden space 650752K, 100% used [0x00000000d6900000,0x00000000fe480000,0x00000000fe480000)
  from space 12288K, 34% used [0x00000000ff280000,0x00000000ff6b0000,0x00000000ffe80000)
  to   space 13312K, 0% used [0x00000000fe480000,0x00000000fe480000,0x00000000ff180000)
 ParOldGen       total 344576K, used 267595K [0x0000000083a00000, 0x0000000098a80000, 0x00000000d6900000)
  object space 344576K, 77% used [0x0000000083a00000,0x0000000093f52f58,0x0000000098a80000)
 Metaspace       used 79062K, capacity 87238K, committed 87464K, reserved 1124352K
  class space    used 11313K, capacity 13439K, committed 13480K, reserved 1048576K
Event: 54.425 GC heap after
Heap after GC invocations=143 (full 4):
 PSYoungGen      total 664064K, used 4512K [0x00000000d6900000, 0x00000000fff00000, 0x0000000100000000)
  eden space 650752K, 0% used [0x00000000d6900000,0x00000000d6900000,0x00000000fe480000)
  from space 13312K, 33% used [0x00000000fe480000,0x00000000fe8e8000,0x00000000ff180000)
  to   space 12288K, 0% used [0x00000000ff300000,0x00000000ff300000,0x00000000fff00000)
 ParOldGen       total 344576K, used 267595K [0x0000000083a00000, 0x0000000098a80000, 0x00000000d6900000)
  object space 344576K, 77% used [0x0000000083a00000,0x0000000093f52f58,0x0000000098a80000)
 Metaspace       used 79062K, capacity 87238K, committed 87464K, reserved 1124352K
  class space    used 11313K, capacity 13439K, committed 13480K, reserved 1048576K
}
Event: 54.654 GC heap before
{Heap before GC invocations=144 (full 4):
 PSYoungGen      total 664064K, used 655264K [0x00000000d6900000, 0x00000000fff00000, 0x0000000100000000)
  eden space 650752K, 100% used [0x00000000d6900000,0x00000000fe480000,0x00000000fe480000)
  from space 13312K, 33% used [0x00000000fe480000,0x00000000fe8e8000,0x00000000ff180000)
  to   space 12288K, 0% used [0x00000000ff300000,0x00000000ff300000,0x00000000fff00000)
 ParOldGen       total 344576K, used 267595K [0x0000000083a00000, 0x0000000098a80000, 0x00000000d6900000)
  object space 344576K, 77% used [0x0000000083a00000,0x0000000093f52f58,0x0000000098a80000)
 Metaspace       used 79086K, capacity 87238K, committed 87464K, reserved 1124352K
  class space    used 11313K, capacity 13439K, committed 13480K, reserved 1048576K
Event: 54.663 GC heap after
Heap after GC invocations=144 (full 4):
 PSYoungGen      total 664576K, used 4960K [0x00000000d6900000, 0x00000000ffe00000, 0x0000000100000000)
  eden space 653312K, 0% used [0x00000000d6900000,0x00000000d6900000,0x00000000fe700000)
  from space 11264K, 44% used [0x00000000ff300000,0x00000000ff7d8000,0x00000000ffe00000)
  to   space 11776K, 0% used [0x00000000fe700000,0x00000000fe700000,0x00000000ff280000)
 ParOldGen       total 344576K, used 267603K [0x0000000083a00000, 0x0000000098a80000, 0x00000000d6900000)
  object space 344576K, 77% used [0x0000000083a00000,0x0000000093f54f58,0x0000000098a80000)
 Metaspace       used 79086K, capacity 87238K, committed 87464K, reserved 1124352K
  class space    used 11313K, capacity 13439K, committed 13480K, reserved 1048576K
}
Event: 54.886 GC heap before
{Heap before GC invocations=145 (full 4):
 PSYoungGen      total 664576K, used 658272K [0x00000000d6900000, 0x00000000ffe00000, 0x0000000100000000)
  eden space 653312K, 100% used [0x00000000d6900000,0x00000000fe700000,0x00000000fe700000)
  from space 11264K, 44% used [0x00000000ff300000,0x00000000ff7d8000,0x00000000ffe00000)
  to   space 11776K, 0% used [0x00000000fe700000,0x00000000fe700000,0x00000000ff280000)
 ParOldGen       total 344576K, used 267735K [0x0000000083a00000, 0x0000000098a80000, 0x00000000d6900000)
  object space 344576K, 77% used [0x0000000083a00000,0x0000000093f75c40,0x0000000098a80000)
 Metaspace       used 79086K, capacity 87238K, committed 87464K, reserved 1124352K
  class space    used 11313K, capacity 13439K, committed 13480K, reserved 1048576K
Event: 54.898 GC heap after
Heap after GC invocations=145 (full 4):
 PSYoungGen      total 665088K, used 5280K [0x00000000d6900000, 0x00000000fff80000, 0x0000000100000000)
  eden space 653312K, 0% used [0x00000000d6900000,0x00000000d6900000,0x00000000fe700000)
  from space 11776K, 44% used [0x00000000fe700000,0x00000000fec28000,0x00000000ff280000)
  to   space 11264K, 0% used [0x00000000ff480000,0x00000000ff480000,0x00000000fff80000)
 ParOldGen       total 344576K, used 267735K [0x0000000083a00000, 0x0000000098a80000, 0x00000000d6900000)
  object space 344576K, 77% used [0x0000000083a00000,0x0000000093f75c40,0x0000000098a80000)
 Metaspace       used 79086K, capacity 87238K, committed 87464K, reserved 1124352K
  class space    used 11313K, capacity 13439K, committed 13480K, reserved 1048576K
}
Event: 55.262 GC heap before
{Heap before GC invocations=146 (full 4):
 PSYoungGen      total 665088K, used 658592K [0x00000000d6900000, 0x00000000fff80000, 0x0000000100000000)
  eden space 653312K, 100% used [0x00000000d6900000,0x00000000fe700000,0x00000000fe700000)
  from space 11776K, 44% used [0x00000000fe700000,0x00000000fec28000,0x00000000ff280000)
  to   space 11264K, 0% used [0x00000000ff480000,0x00000000ff480000,0x00000000fff80000)
 ParOldGen       total 344576K, used 267735K [0x0000000083a00000, 0x0000000098a80000, 0x00000000d6900000)
  object space 344576K, 77% used [0x0000000083a00000,0x0000000093f75df8,0x0000000098a80000)
 Metaspace       used 79086K, capacity 87238K, committed 87464K, reserved 1124352K
  class space    used 11313K, capacity 13439K, committed 13480K, reserved 1048576K
Event: 55.278 GC heap after
Heap after GC invocations=146 (full 4):
 PSYoungGen      total 666112K, used 5760K [0x00000000d6900000, 0x00000000ffe80000, 0x0000000100000000)
  eden space 655872K, 0% used [0x00000000d6900000,0x00000000d6900000,0x00000000fe980000)
  from space 10240K, 56% used [0x00000000ff480000,0x00000000ffa20000,0x00000000ffe80000)
  to   space 10752K, 0% used [0x00000000fe980000,0x00000000fe980000,0x00000000ff400000)
 ParOldGen       total 344576K, used 267735K [0x0000000083a00000, 0x0000000098a80000, 0x00000000d6900000)
  object space 344576K, 77% used [0x0000000083a00000,0x0000000093f75df8,0x0000000098a80000)
 Metaspace       used 79086K, capacity 87238K, committed 87464K, reserved 1124352K
  class space    used 11313K, capacity 13439K, committed 13480K, reserved 1048576K
}
Event: 55.595 GC heap before
{Heap before GC invocations=147 (full 4):
 PSYoungGen      total 666112K, used 661632K [0x00000000d6900000, 0x00000000ffe80000, 0x0000000100000000)
  eden space 655872K, 100% used [0x00000000d6900000,0x00000000fe980000,0x00000000fe980000)
  from space 10240K, 56% used [0x00000000ff480000,0x00000000ffa20000,0x00000000ffe80000)
  to   space 10752K, 0% used [0x00000000fe980000,0x00000000fe980000,0x00000000ff400000)
 ParOldGen       total 344576K, used 267735K [0x0000000083a00000, 0x0000000098a80000, 0x00000000d6900000)
  object space 344576K, 77% used [0x0000000083a00000,0x0000000093f75df8,0x0000000098a80000)
 Metaspace       used 79086K, capacity 87238K, committed 87464K, reserved 1124352K
  class space    used 11313K, capacity 13439K, committed 13480K, reserved 1048576K
Event: 55.609 GC heap after
Heap after GC invocations=147 (full 4):
 PSYoungGen      total 666624K, used 5728K [0x00000000d6900000, 0x0000000100000000, 0x0000000100000000)
  eden space 655872K, 0% used [0x00000000d6900000,0x00000000d6900000,0x00000000fe980000)
  from space 10752K, 53% used [0x00000000fe980000,0x00000000fef18000,0x00000000ff400000)
  to   space 10752K, 0% used [0x00000000ff580000,0x00000000ff580000,0x0000000100000000)
 ParOldGen       total 344576K, used 268319K [0x0000000083a00000, 0x0000000098a80000, 0x00000000d6900000)
  object space 344576K, 77% used [0x0000000083a00000,0x0000000094007df8,0x0000000098a80000)
 Metaspace       used 79086K, capacity 87238K, committed 87464K, reserved 1124352K
  class space    used 11313K, capacity 13439K, committed 13480K, reserved 1048576K
}

