# JRE version: OpenJDK Runtime Environment (8.0_402-b08) (build 1.8.0_402-b08)
# Java VM: OpenJDK 64-Bit Server VM (25.402-b08 mixed mode windows-amd64 compressed oops)
Heap:
 PSYoungGen      total 667136K, used 472951K [0x00000000d6900000, 0x0000000100000000, 0x0000000100000000)
  eden space 655360K, 70% used [0x00000000d6900000,0x00000000f2ed6248,0x00000000fe900000)
  from space 11776K, 69% used [0x00000000ff480000,0x00000000ffc87b40,0x0000000100000000)
  to   space 11776K, 0% used [0x00000000fe900000,0x00000000fe900000,0x00000000ff480000)
 ParOldGen       total 319488K, used 216898K [0x0000000083a00000, 0x0000000097200000, 0x00000000d6900000)
  object space 319488K, 67% used [0x0000000083a00000,0x0000000090dd0b20,0x0000000097200000)
 Metaspace       used 77398K, capacity 84824K, committed 84904K, reserved 1120256K
  class space    used 11128K, capacity 13162K, committed 13224K, reserved 1048576K
GC Heap History (10 events):
Event: 37.628 GC heap before
{Heap before GC invocations=104 (full 4):
 PSYoungGen      total 667648K, used 667550K [0x00000000d6900000, 0x0000000100000000, 0x0000000100000000)
  eden space 659456K, 100% used [0x00000000d6900000,0x00000000fed00000,0x00000000fed00000)
  from space 8192K, 98% used [0x00000000fed00000,0x00000000ff4e7ab0,0x00000000ff500000)
  to   space 10240K, 0% used [0x00000000ff600000,0x00000000ff600000,0x0000000100000000)
 ParOldGen       total 319488K, used 215770K [0x0000000083a00000, 0x0000000097200000, 0x00000000d6900000)
  object space 319488K, 67% used [0x0000000083a00000,0x0000000090cb6b20,0x0000000097200000)
 Metaspace       used 76584K, capacity 83838K, committed 84008K, reserved 1120256K
  class space    used 10991K, capacity 13009K, committed 13096K, reserved 1048576K
Event: 37.641 GC heap after
Heap after GC invocations=104 (full 4):
 PSYoungGen      total 667648K, used 8190K [0x00000000d6900000, 0x0000000100000000, 0x0000000100000000)
  eden space 657408K, 0% used [0x00000000d6900000,0x00000000d6900000,0x00000000feb00000)
  from space 10240K, 79% used [0x00000000ff600000,0x00000000ffdffab0,0x0000000100000000)
  to   space 10752K, 0% used [0x00000000feb00000,0x00000000feb00000,0x00000000ff580000)
 ParOldGen       total 319488K, used 215770K [0x0000000083a00000, 0x0000000097200000, 0x00000000d6900000)
  object space 319488K, 67% used [0x0000000083a00000,0x0000000090cb6b20,0x0000000097200000)
 Metaspace       used 76584K, capacity 83838K, committed 84008K, reserved 1120256K
  class space    used 10991K, capacity 13009K, committed 13096K, reserved 1048576K
}
Event: 37.830 GC heap before
{Heap before GC invocations=105 (full 4):
 PSYoungGen      total 667648K, used 665598K [0x00000000d6900000, 0x0000000100000000, 0x0000000100000000)
  eden space 657408K, 100% used [0x00000000d6900000,0x00000000feb00000,0x00000000feb00000)
  from space 10240K, 79% used [0x00000000ff600000,0x00000000ffdffab0,0x0000000100000000)
  to   space 10752K, 0% used [0x00000000feb00000,0x00000000feb00000,0x00000000ff580000)
 ParOldGen       total 319488K, used 215770K [0x0000000083a00000, 0x0000000097200000, 0x00000000d6900000)
  object space 319488K, 67% used [0x0000000083a00000,0x0000000090cb6b20,0x0000000097200000)
 Metaspace       used 76584K, capacity 83838K, committed 84008K, reserved 1120256K
  class space    used 10991K, capacity 13009K, committed 13096K, reserved 1048576K
Event: 37.842 GC heap after
Heap after GC invocations=105 (full 4):
 PSYoungGen      total 666112K, used 8222K [0x00000000d6900000, 0x0000000100000000, 0x0000000100000000)
  eden space 657408K, 0% used [0x00000000d6900000,0x00000000d6900000,0x00000000feb00000)
  from space 8704K, 94% used [0x00000000feb00000,0x00000000ff307ab0,0x00000000ff380000)
  to   space 11264K, 0% used [0x00000000ff500000,0x00000000ff500000,0x0000000100000000)
 ParOldGen       total 319488K, used 215770K [0x0000000083a00000, 0x0000000097200000, 0x00000000d6900000)
  object space 319488K, 67% used [0x0000000083a00000,0x0000000090cb6b20,0x0000000097200000)
 Metaspace       used 76584K, capacity 83838K, committed 84008K, reserved 1120256K
  class space    used 10991K, capacity 13009K, committed 13096K, reserved 1048576K
}
Event: 38.105 GC heap before
{Heap before GC invocations=106 (full 4):
 PSYoungGen      total 666112K, used 665630K [0x00000000d6900000, 0x0000000100000000, 0x0000000100000000)
  eden space 657408K, 100% used [0x00000000d6900000,0x00000000feb00000,0x00000000feb00000)
  from space 8704K, 94% used [0x00000000feb00000,0x00000000ff307ab0,0x00000000ff380000)
  to   space 11264K, 0% used [0x00000000ff500000,0x00000000ff500000,0x0000000100000000)
 ParOldGen       total 319488K, used 215770K [0x0000000083a00000, 0x0000000097200000, 0x00000000d6900000)
  object space 319488K, 67% used [0x0000000083a00000,0x0000000090cb6b20,0x0000000097200000)
 Metaspace       used 76820K, capacity 84044K, committed 84264K, reserved 1120256K
  class space    used 11023K, capacity 13054K, committed 13096K, reserved 1048576K
Event: 38.121 GC heap after
Heap after GC invocations=106 (full 4):
 PSYoungGen      total 667648K, used 8414K [0x00000000d6900000, 0x0000000100000000, 0x0000000100000000)
  eden space 656384K, 0% used [0x00000000d6900000,0x00000000d6900000,0x00000000fea00000)
  from space 11264K, 74% used [0x00000000ff500000,0x00000000ffd37ab0,0x0000000100000000)
  to   space 11264K, 0% used [0x00000000fea00000,0x00000000fea00000,0x00000000ff500000)
 ParOldGen       total 319488K, used 215770K [0x0000000083a00000, 0x0000000097200000, 0x00000000d6900000)
  object space 319488K, 67% used [0x0000000083a00000,0x0000000090cb6b20,0x0000000097200000)
 Metaspace       used 76820K, capacity 84044K, committed 84264K, reserved 1120256K
  class space    used 11023K, capacity 13054K, committed 13096K, reserved 1048576K
}
Event: 38.358 GC heap before
{Heap before GC invocations=107 (full 4):
 PSYoungGen      total 667648K, used 664798K [0x00000000d6900000, 0x0000000100000000, 0x0000000100000000)
  eden space 656384K, 100% used [0x00000000d6900000,0x00000000fea00000,0x00000000fea00000)
  from space 11264K, 74% used [0x00000000ff500000,0x00000000ffd37ab0,0x0000000100000000)
  to   space 11264K, 0% used [0x00000000fea00000,0x00000000fea00000,0x00000000ff500000)
 ParOldGen       total 319488K, used 215770K [0x0000000083a00000, 0x0000000097200000, 0x00000000d6900000)
  object space 319488K, 67% used [0x0000000083a00000,0x0000000090cb6b20,0x0000000097200000)
 Metaspace       used 77015K, capacity 84288K, committed 84520K, reserved 1120256K
  class space    used 11060K, capacity 13078K, committed 13096K, reserved 1048576K
Event: 38.369 GC heap after
Heap after GC invocations=107 (full 4):
 PSYoungGen      total 665088K, used 8542K [0x00000000d6900000, 0x0000000100000000, 0x0000000100000000)
  eden space 656384K, 0% used [0x00000000d6900000,0x00000000d6900000,0x00000000fea00000)
  from space 8704K, 98% used [0x00000000fea00000,0x00000000ff257ac0,0x00000000ff280000)
  to   space 11776K, 0% used [0x00000000ff480000,0x00000000ff480000,0x0000000100000000)
 ParOldGen       total 319488K, used 215770K [0x0000000083a00000, 0x0000000097200000, 0x00000000d6900000)
  object space 319488K, 67% used [0x0000000083a00000,0x0000000090cb6b20,0x0000000097200000)
 Metaspace       used 77015K, capacity 84288K, committed 84520K, reserved 1120256K
  class space    used 11060K, capacity 13078K, committed 13096K, reserved 1048576K
}
Event: 38.603 GC heap before
{Heap before GC invocations=108 (full 4):
 PSYoungGen      total 665088K, used 664926K [0x00000000d6900000, 0x0000000100000000, 0x0000000100000000)
  eden space 656384K, 100% used [0x00000000d6900000,0x00000000fea00000,0x00000000fea00000)
  from space 8704K, 98% used [0x00000000fea00000,0x00000000ff257ac0,0x00000000ff280000)
  to   space 11776K, 0% used [0x00000000ff480000,0x00000000ff480000,0x0000000100000000)
 ParOldGen       total 319488K, used 215770K [0x0000000083a00000, 0x0000000097200000, 0x00000000d6900000)
  object space 319488K, 67% used [0x0000000083a00000,0x0000000090cb6b20,0x0000000097200000)
 Metaspace       used 77088K, capacity 84456K, committed 84648K, reserved 1120256K
  class space    used 11076K, capacity 13098K, committed 13224K, reserved 1048576K
Event: 38.614 GC heap after
Heap after GC invocations=108 (full 4):
 PSYoungGen      total 667136K, used 8222K [0x00000000d6900000, 0x0000000100000000, 0x0000000100000000)
  eden space 655360K, 0% used [0x00000000d6900000,0x00000000d6900000,0x00000000fe900000)
  from space 11776K, 69% used [0x00000000ff480000,0x00000000ffc87b40,0x0000000100000000)
  to   space 11776K, 0% used [0x00000000fe900000,0x00000000fe900000,0x00000000ff480000)
 ParOldGen       total 319488K, used 216898K [0x0000000083a00000, 0x0000000097200000, 0x00000000d6900000)
  object space 319488K, 67% used [0x0000000083a00000,0x0000000090dd0b20,0x0000000097200000)
 Metaspace       used 77088K, capacity 84456K, committed 84648K, reserved 1120256K
  class space    used 11076K, capacity 13098K, committed 13224K, reserved 1048576K
}

